2018-11-30 04:48:19,196 musegan.train        INFO     Using parameters:
{'beat_resolution': 12,
 'condition_track_idx': 3,
 'data_shape': [4, 48, 84, 5],
 'is_accompaniment': True,
 'is_conditional': False,
 'latent_dim': 128,
 'nets': {'discriminator': 'default', 'generator': 'accompaniment'},
 'use_binary_neurons': False}
2018-11-30 04:48:19,198 musegan.train        INFO     Using configurations:
{'adam': {'beta1': 0.5, 'beta2': 0.9},
 'batch_size': 64,
 'colormap': [[1.0, 0.0, 0.0],
              [1.0, 0.5, 0.0],
              [0.0, 1.0, 0.0],
              [0.0, 0.0, 1.0],
              [0.0, 0.5, 1.0]],
 'config': './exp/accompaniment/andmask//config.yaml',
 'data_filename': 'train_x_lpd_5_phr',
 'data_root': None,
 'data_source': 'sa',
 'eval_dir': '/home/alm2255/musicGAN/conditional-musegan/exp/accompaniment/andmask/eval',
 'evaluate_steps': 100,
 'exp_dir': '/home/alm2255/musicGAN/conditional-musegan/exp/accompaniment/andmask',
 'gan_loss_type': 'wasserstein',
 'gpu': '0',
 'initial_learning_rate': 0.001,
 'learning_rate_schedule': {'end': 5000, 'end_value': 0.0, 'start': 45000},
 'log_dir': '/home/alm2255/musicGAN/conditional-musegan/exp/accompaniment/andmask/logs/train',
 'log_loss_steps': 100,
 'midi': {'is_drums': [1, 0, 0, 0, 0],
          'lowest_pitch': 24,
          'programs': [0, 0, 25, 33, 48],
          'tempo': 100},
 'model_dir': '/home/alm2255/musicGAN/conditional-musegan/exp/accompaniment/andmask/model',
 'n_dis_updates_per_gen_update': 5,
 'n_jobs': 20,
 'params': './exp/accompaniment/andmask//params.yaml',
 'sample_dir': '/home/alm2255/musicGAN/conditional-musegan/exp/accompaniment/andmask/samples',
 'sample_grid': [8, 8],
 'save_array_samples': True,
 'save_checkpoint_steps': 500,
 'save_image_samples': True,
 'save_pianoroll_samples': True,
 'save_samples_steps': 100,
 'save_summaries_steps': 0,
 'slope_schedule': {'end': 5000, 'end_value': 5.0, 'start': 10000},
 'src_dir': '/home/alm2255/musicGAN/conditional-musegan/exp/accompaniment/andmask/src',
 'steps': 5000,
 'use_gradient_penalties': True,
 'use_learning_rate_decay': False,
 'use_random_transpose': False,
 'use_slope_annealing': False,
 'use_train_test_split': False}
2018-11-30 04:48:19,198 musegan.train        INFO     Loading training data.
2018-11-30 04:48:19,198 musegan.train        INFO     Training data size: 102378
2018-11-30 04:48:19,199 musegan.train        INFO     Building dataset.
2018-11-30 04:48:19,288 musegan.model        INFO     Building model.
2018-11-30 04:48:19,296 musegan.model        INFO     Building training nodes.
2018-11-30 04:48:22,391 musegan.model        INFO     Building losses.
2018-11-30 04:48:23,544 musegan.model        INFO     Building training ops.
2018-11-30 04:48:36,182 musegan.model        INFO     Building summaries.
2018-11-30 04:48:36,189 musegan.train        INFO     Number of trainable parameters in Model: 5,255,213
2018-11-30 04:48:36,191 musegan.train        INFO     Number of trainable parameters in Generator: 3,889,372
2018-11-30 04:48:36,193 musegan.train        INFO     Number of trainable parameters in Discriminator: 1,365,841
2018-11-30 04:48:36,193 musegan.train        INFO     Loading sample_z.
2018-11-30 04:48:36,194 musegan.train        INFO     File for sample_z not found
2018-11-30 04:48:36,194 musegan.train        INFO     Drawing new sample_z.
2018-11-30 04:48:36,198 musegan.train        INFO     Loading sample_x.
2018-11-30 04:48:36,198 musegan.train        INFO     File for sample_x not found
2018-11-30 04:48:36,198 musegan.train        INFO     Drawing new sample_x.
2018-11-30 04:48:42,729 musegan.model        INFO     Building prediction nodes.
2018-11-30 04:48:43,888 musegan.train        INFO     Training start.
2018-11-30 05:03:09,539 musegan.train        INFO     step=100, gen_loss= 9.0932E+01, dis_loss=-1.4912E+02
2018-11-30 05:03:09,540 musegan.train        INFO     Running sampler
2018-11-30 05:03:21,117 musegan.train        INFO     Running evaluation
2018-11-30 05:11:09,664 musegan.train        INFO     step=200, gen_loss= 1.0912E+02, dis_loss=-1.2383E+02
2018-11-30 05:11:09,664 musegan.train        INFO     Running sampler
2018-11-30 05:11:17,993 musegan.train        INFO     Running evaluation
2018-11-30 05:19:03,093 musegan.train        INFO     step=300, gen_loss= 2.1336E+01, dis_loss=-9.6212E+01
2018-11-30 05:19:03,094 musegan.train        INFO     Running sampler
2018-11-30 05:19:11,861 musegan.train        INFO     Running evaluation
2018-11-30 05:26:57,026 musegan.train        INFO     step=400, gen_loss= 2.1766E+01, dis_loss=-8.0987E+01
2018-11-30 05:26:57,027 musegan.train        INFO     Running sampler
2018-11-30 05:27:06,073 musegan.train        INFO     Running evaluation
2018-11-30 05:34:54,336 musegan.train        INFO     step=500, gen_loss=-2.5061E+00, dis_loss=-6.2849E+01
2018-11-30 05:34:54,336 musegan.train        INFO     Running sampler
2018-11-30 05:35:01,477 musegan.train        INFO     Running evaluation
2018-11-30 05:42:46,999 musegan.train        INFO     step=600, gen_loss=-3.5356E+01, dis_loss=-5.2026E+01
2018-11-30 05:42:46,999 musegan.train        INFO     Running sampler
2018-11-30 05:42:52,776 musegan.train        INFO     Running evaluation
2018-11-30 05:50:38,277 musegan.train        INFO     step=700, gen_loss=-6.7970E+01, dis_loss=-4.3232E+01
2018-11-30 05:50:38,277 musegan.train        INFO     Running sampler
2018-11-30 05:50:44,052 musegan.train        INFO     Running evaluation
2018-11-30 05:58:29,754 musegan.train        INFO     step=800, gen_loss=-7.5365E+01, dis_loss=-3.6000E+01
2018-11-30 05:58:29,755 musegan.train        INFO     Running sampler
2018-11-30 05:58:35,789 musegan.train        INFO     Running evaluation
2018-11-30 06:06:21,516 musegan.train        INFO     step=900, gen_loss=-7.4631E+01, dis_loss=-2.9075E+01
2018-11-30 06:06:21,516 musegan.train        INFO     Running sampler
2018-11-30 06:06:27,798 musegan.train        INFO     Running evaluation
2018-11-30 06:14:16,595 musegan.train        INFO     step=1000, gen_loss=-6.7852E+01, dis_loss=-2.3860E+01
2018-11-30 06:14:16,595 musegan.train        INFO     Running sampler
2018-11-30 06:14:22,975 musegan.train        INFO     Running evaluation
2018-11-30 06:22:09,183 musegan.train        INFO     step=1100, gen_loss=-6.7013E+01, dis_loss=-2.0313E+01
2018-11-30 06:22:09,183 musegan.train        INFO     Running sampler
2018-11-30 06:22:15,710 musegan.train        INFO     Running evaluation
2018-11-30 06:30:01,186 musegan.train        INFO     step=1200, gen_loss=-5.5680E+01, dis_loss=-1.8497E+01
2018-11-30 06:30:01,186 musegan.train        INFO     Running sampler
2018-11-30 06:30:07,633 musegan.train        INFO     Running evaluation
2018-11-30 06:37:54,746 musegan.train        INFO     step=1300, gen_loss=-4.7828E+01, dis_loss=-1.8454E+01
2018-11-30 06:37:54,746 musegan.train        INFO     Running sampler
2018-11-30 06:38:01,065 musegan.train        INFO     Running evaluation
2018-11-30 06:45:47,940 musegan.train        INFO     step=1400, gen_loss=-3.7929E+01, dis_loss=-1.6677E+01
2018-11-30 06:45:47,941 musegan.train        INFO     Running sampler
2018-11-30 06:45:54,094 musegan.train        INFO     Running evaluation
2018-11-30 06:53:43,201 musegan.train        INFO     step=1500, gen_loss=-3.1711E+01, dis_loss=-1.5281E+01
2018-11-30 06:53:43,202 musegan.train        INFO     Running sampler
2018-11-30 06:53:49,262 musegan.train        INFO     Running evaluation
2018-11-30 07:01:35,954 musegan.train        INFO     step=1600, gen_loss=-2.6649E+01, dis_loss=-1.5504E+01
2018-11-30 07:01:35,955 musegan.train        INFO     Running sampler
2018-11-30 07:01:42,057 musegan.train        INFO     Running evaluation
2018-11-30 07:09:28,212 musegan.train        INFO     step=1700, gen_loss=-1.9130E+01, dis_loss=-1.4759E+01
2018-11-30 07:09:28,213 musegan.train        INFO     Running sampler
2018-11-30 07:09:33,973 musegan.train        INFO     Running evaluation
2018-11-30 07:17:18,896 musegan.train        INFO     step=1800, gen_loss=-1.9379E+01, dis_loss=-1.3305E+01
2018-11-30 07:17:18,896 musegan.train        INFO     Running sampler
2018-11-30 07:17:24,362 musegan.train        INFO     Running evaluation
2018-11-30 07:25:11,130 musegan.train        INFO     step=1900, gen_loss=-1.9791E+01, dis_loss=-1.2466E+01
2018-11-30 07:25:11,131 musegan.train        INFO     Running sampler
2018-11-30 07:25:16,338 musegan.train        INFO     Running evaluation
2018-11-30 07:33:04,009 musegan.train        INFO     step=2000, gen_loss=-1.8019E+01, dis_loss=-1.2148E+01
2018-11-30 07:33:04,009 musegan.train        INFO     Running sampler
2018-11-30 07:33:08,380 musegan.train        INFO     Running evaluation
2018-11-30 07:40:53,794 musegan.train        INFO     step=2100, gen_loss=-9.4204E+00, dis_loss=-1.0806E+01
2018-11-30 07:40:53,795 musegan.train        INFO     Running sampler
2018-11-30 07:40:57,935 musegan.train        INFO     Running evaluation
2018-11-30 07:48:45,074 musegan.train        INFO     step=2200, gen_loss=-9.2212E+00, dis_loss=-1.1365E+01
2018-11-30 07:48:45,075 musegan.train        INFO     Running sampler
2018-11-30 07:48:49,122 musegan.train        INFO     Running evaluation
2018-11-30 07:56:36,137 musegan.train        INFO     step=2300, gen_loss=-9.8378E+00, dis_loss=-1.0556E+01
2018-11-30 07:56:36,137 musegan.train        INFO     Running sampler
2018-11-30 07:56:39,188 musegan.train        INFO     Running evaluation
2018-11-30 08:04:23,773 musegan.train        INFO     step=2400, gen_loss=-1.2311E+01, dis_loss=-7.1213E+00
2018-11-30 08:04:23,773 musegan.train        INFO     Running sampler
2018-11-30 08:04:27,131 musegan.train        INFO     Running evaluation
2018-11-30 08:12:14,665 musegan.train        INFO     step=2500, gen_loss=-2.2158E+01, dis_loss=-3.9571E+00
2018-11-30 08:12:14,666 musegan.train        INFO     Running sampler
2018-11-30 08:12:18,069 musegan.train        INFO     Running evaluation
2018-11-30 08:20:04,250 musegan.train        INFO     step=2600, gen_loss=-1.6966E+01, dis_loss=-3.9308E+00
2018-11-30 08:20:04,251 musegan.train        INFO     Running sampler
2018-11-30 08:20:07,348 musegan.train        INFO     Running evaluation
2018-11-30 08:27:54,647 musegan.train        INFO     step=2700, gen_loss=-1.9751E+01, dis_loss=-4.4542E+00
2018-11-30 08:27:54,648 musegan.train        INFO     Running sampler
2018-11-30 08:27:57,599 musegan.train        INFO     Running evaluation
2018-11-30 08:35:43,809 musegan.train        INFO     step=2800, gen_loss=-2.0660E+01, dis_loss=-3.0751E+00
2018-11-30 08:35:43,809 musegan.train        INFO     Running sampler
2018-11-30 08:35:46,371 musegan.train        INFO     Running evaluation
2018-11-30 08:43:31,498 musegan.train        INFO     step=2900, gen_loss=-1.4360E+01, dis_loss=-4.1449E+00
2018-11-30 08:43:31,499 musegan.train        INFO     Running sampler
2018-11-30 08:43:34,197 musegan.train        INFO     Running evaluation
2018-11-30 08:51:23,087 musegan.train        INFO     step=3000, gen_loss=-1.8702E+01, dis_loss=-3.5768E+00
2018-11-30 08:51:23,088 musegan.train        INFO     Running sampler
2018-11-30 08:51:29,867 musegan.train        INFO     Running evaluation
2018-11-30 08:59:14,735 musegan.train        INFO     step=3100, gen_loss=-1.6000E+01, dis_loss=-3.9559E+00
2018-11-30 08:59:14,736 musegan.train        INFO     Running sampler
2018-11-30 08:59:17,419 musegan.train        INFO     Running evaluation
2018-11-30 09:07:03,436 musegan.train        INFO     step=3200, gen_loss=-1.8560E+01, dis_loss=-3.8964E+00
2018-11-30 09:07:03,437 musegan.train        INFO     Running sampler
2018-11-30 09:07:05,886 musegan.train        INFO     Running evaluation
2018-11-30 09:14:51,756 musegan.train        INFO     step=3300, gen_loss=-1.7098E+01, dis_loss=-4.8312E+00
2018-11-30 09:14:51,756 musegan.train        INFO     Running sampler
2018-11-30 09:14:54,528 musegan.train        INFO     Running evaluation
2018-11-30 09:22:41,054 musegan.train        INFO     step=3400, gen_loss=-1.9134E+01, dis_loss=-4.3432E+00
2018-11-30 09:22:41,054 musegan.train        INFO     Running sampler
2018-11-30 09:22:44,031 musegan.train        INFO     Running evaluation
2018-11-30 09:30:33,414 musegan.train        INFO     step=3500, gen_loss=-1.1933E+01, dis_loss=-3.9031E+00
2018-11-30 09:30:33,414 musegan.train        INFO     Running sampler
2018-11-30 09:30:35,555 musegan.train        INFO     Running evaluation
2018-11-30 09:38:22,491 musegan.train        INFO     step=3600, gen_loss=-1.2881E+01, dis_loss=-3.5189E+00
2018-11-30 09:38:22,491 musegan.train        INFO     Running sampler
2018-11-30 09:38:25,896 musegan.train        INFO     Running evaluation
2018-11-30 09:46:08,742 musegan.train        INFO     step=3700, gen_loss=-1.5080E+01, dis_loss=-3.9902E+00
2018-11-30 09:46:08,743 musegan.train        INFO     Running sampler
2018-11-30 09:46:12,613 musegan.train        INFO     Running evaluation
2018-11-30 09:54:00,174 musegan.train        INFO     step=3800, gen_loss=-1.1429E+01, dis_loss=-3.8049E+00
2018-11-30 09:54:00,174 musegan.train        INFO     Running sampler
2018-11-30 09:54:02,965 musegan.train        INFO     Running evaluation
2018-11-30 10:01:48,042 musegan.train        INFO     step=3900, gen_loss=-4.9924E+00, dis_loss=-4.0846E+00
2018-11-30 10:01:48,042 musegan.train        INFO     Running sampler
2018-11-30 10:01:50,784 musegan.train        INFO     Running evaluation
2018-11-30 10:09:37,025 musegan.train        INFO     step=4000, gen_loss=-1.7258E+01, dis_loss=-3.6778E+00
2018-11-30 10:09:37,025 musegan.train        INFO     Running sampler
2018-11-30 10:09:38,987 musegan.train        INFO     Running evaluation
2018-11-30 10:17:22,212 musegan.train        INFO     step=4100, gen_loss=-1.3547E+01, dis_loss=-4.3470E+00
2018-11-30 10:17:22,213 musegan.train        INFO     Running sampler
2018-11-30 10:17:24,330 musegan.train        INFO     Running evaluation
2018-11-30 10:25:11,352 musegan.train        INFO     step=4200, gen_loss=-9.2320E+00, dis_loss=-3.4787E+00
2018-11-30 10:25:11,353 musegan.train        INFO     Running sampler
2018-11-30 10:25:13,741 musegan.train        INFO     Running evaluation
2018-11-30 10:32:59,912 musegan.train        INFO     step=4300, gen_loss=-1.2672E+01, dis_loss=-3.9575E+00
2018-11-30 10:32:59,913 musegan.train        INFO     Running sampler
2018-11-30 10:33:02,182 musegan.train        INFO     Running evaluation
2018-11-30 10:40:48,296 musegan.train        INFO     step=4400, gen_loss=-7.4262E+00, dis_loss=-4.4950E+00
2018-11-30 10:40:48,297 musegan.train        INFO     Running sampler
2018-11-30 10:40:50,020 musegan.train        INFO     Running evaluation
2018-11-30 10:48:36,728 musegan.train        INFO     step=4500, gen_loss=-1.3630E+01, dis_loss=-3.9578E+00
2018-11-30 10:48:36,728 musegan.train        INFO     Running sampler
2018-11-30 10:48:39,019 musegan.train        INFO     Running evaluation
2018-11-30 10:56:26,359 musegan.train        INFO     step=4600, gen_loss=-8.9878E+00, dis_loss=-3.7793E+00
2018-11-30 10:56:26,360 musegan.train        INFO     Running sampler
2018-11-30 10:56:28,290 musegan.train        INFO     Running evaluation
2018-11-30 11:04:15,688 musegan.train        INFO     step=4700, gen_loss=-1.3362E+01, dis_loss=-4.1717E+00
2018-11-30 11:04:15,688 musegan.train        INFO     Running sampler
2018-11-30 11:04:17,393 musegan.train        INFO     Running evaluation
2018-11-30 11:12:03,419 musegan.train        INFO     step=4800, gen_loss=-3.0736E+00, dis_loss=-3.9444E+00
2018-11-30 11:12:03,420 musegan.train        INFO     Running sampler
2018-11-30 11:12:05,357 musegan.train        INFO     Running evaluation
2018-11-30 11:19:51,568 musegan.train        INFO     step=4900, gen_loss=-1.2024E+01, dis_loss=-4.5604E+00
2018-11-30 11:19:51,569 musegan.train        INFO     Running sampler
2018-11-30 11:19:54,206 musegan.train        INFO     Running evaluation
2018-11-30 11:27:43,165 musegan.train        INFO     step=5000, gen_loss=-1.4542E+01, dis_loss=-4.3137E+00
2018-11-30 11:27:43,165 musegan.train        INFO     Running sampler
2018-11-30 11:27:44,746 musegan.train        INFO     Running evaluation
2018-11-30 11:27:48,246 musegan.train        INFO     Training end
